2025-01-25 18:19:22,536 - INFO - Starting Flask application.
2025-01-25 18:19:23,841 - INFO - Note: NumExpr detected 12 cores but "NUMEXPR_MAX_THREADS" not set, so enforcing safe limit of 8.
2025-01-25 18:19:23,841 - INFO - NumExpr defaulting to 8 threads.
2025-01-25 18:19:24,464 - INFO - Random Forest model loaded successfully.
2025-01-25 18:19:24,481 - INFO - TF-IDF vectorizer loaded successfully.
2025-01-25 18:19:24,481 - INFO - Label encoder loaded successfully.
2025-01-25 18:19:24,481 - INFO - Starting the Flask app.
2025-01-25 18:19:24,506 - INFO - [31m[1mWARNING: This is a development server. Do not use it in a production deployment. Use a production WSGI server instead.[0m
 * Running on http://127.0.0.1:5000
2025-01-25 18:19:24,506 - INFO - [33mPress CTRL+C to quit[0m
2025-01-25 18:19:24,521 - INFO -  * Restarting with watchdog (windowsapi)
2025-01-25 18:19:24,917 - INFO - Starting Flask application.
2025-01-25 18:19:26,168 - INFO - Note: NumExpr detected 12 cores but "NUMEXPR_MAX_THREADS" not set, so enforcing safe limit of 8.
2025-01-25 18:19:26,168 - INFO - NumExpr defaulting to 8 threads.
2025-01-25 18:19:26,719 - INFO - Random Forest model loaded successfully.
2025-01-25 18:19:26,730 - INFO - TF-IDF vectorizer loaded successfully.
2025-01-25 18:19:26,730 - INFO - Label encoder loaded successfully.
2025-01-25 18:19:26,733 - INFO - Starting the Flask app.
2025-01-25 18:19:26,743 - WARNING -  * Debugger is active!
2025-01-25 18:19:26,751 - INFO -  * Debugger PIN: 454-210-885
2025-01-25 18:19:32,288 - INFO - Rendering home page.
2025-01-25 18:19:32,296 - INFO - 127.0.0.1 - - [25/Jan/2025 18:19:32] "GET / HTTP/1.1" 200 -
2025-01-25 18:19:32,363 - INFO - 127.0.0.1 - - [25/Jan/2025 18:19:32] "[36mGET /static/style.css HTTP/1.1[0m" 304 -
2025-01-25 18:19:46,538 - INFO - Received user input: how can i check the balance in my account ?
2025-01-25 18:19:46,539 - DEBUG - Preprocessing text: how can i check the balance in my account ?
2025-01-25 18:19:46,539 - DEBUG - Cleaned text: how can i check the balance in my account 
2025-01-25 18:19:46,555 - INFO - Predicted answer: You can check your bank balance through the mobile banking app or online banking.
2025-01-25 18:19:46,555 - INFO - 127.0.0.1 - - [25/Jan/2025 18:19:46] "POST /ask HTTP/1.1" 200 -
2025-01-25 18:19:55,303 - INFO - Received user input: how can i change the password ?
2025-01-25 18:19:55,305 - DEBUG - Preprocessing text: how can i change the password ?
2025-01-25 18:19:55,305 - DEBUG - Cleaned text: how can i change the password 
2025-01-25 18:19:55,311 - INFO - Predicted answer: You can change your account password by logging into your online banking account and navigating to the settings page.
2025-01-25 18:19:55,320 - INFO - 127.0.0.1 - - [25/Jan/2025 18:19:55] "POST /ask HTTP/1.1" 200 -
2025-01-25 18:20:14,218 - INFO - Received user input: how can i block my debit card ?
2025-01-25 18:20:14,220 - DEBUG - Preprocessing text: how can i block my debit card ?
2025-01-25 18:20:14,220 - DEBUG - Cleaned text: how can i block my debit card 
2025-01-25 18:20:14,228 - INFO - Predicted answer: You can block your debit card by contacting customer service or using the mobile banking app.
2025-01-25 18:20:14,228 - INFO - 127.0.0.1 - - [25/Jan/2025 18:20:14] "POST /ask HTTP/1.1" 200 -
2025-01-25 18:20:22,719 - INFO - Received user input: how can i apply for the loan ?
2025-01-25 18:20:22,719 - DEBUG - Preprocessing text: how can i apply for the loan ?
2025-01-25 18:20:22,721 - DEBUG - Cleaned text: how can i apply for the loan 
2025-01-25 18:20:22,726 - INFO - Predicted answer: You can apply for a loan by visiting your nearest branch or applying online through your banking portal.
2025-01-25 18:20:22,728 - INFO - 127.0.0.1 - - [25/Jan/2025 18:20:22] "POST /ask HTTP/1.1" 200 -
2025-01-25 18:51:00,569 - INFO - Starting Flask application.
2025-01-25 18:51:01,806 - INFO - Note: NumExpr detected 12 cores but "NUMEXPR_MAX_THREADS" not set, so enforcing safe limit of 8.
2025-01-25 18:51:01,806 - INFO - NumExpr defaulting to 8 threads.
2025-01-25 18:51:02,376 - INFO - Random Forest model loaded successfully.
2025-01-25 18:51:02,376 - INFO - TF-IDF vectorizer loaded successfully.
2025-01-25 18:51:02,376 - INFO - Label encoder loaded successfully.
2025-01-25 18:51:02,376 - INFO - Starting the Flask app.
2025-01-25 18:51:02,409 - INFO - [31m[1mWARNING: This is a development server. Do not use it in a production deployment. Use a production WSGI server instead.[0m
 * Running on http://127.0.0.1:5000
2025-01-25 18:51:02,409 - INFO - [33mPress CTRL+C to quit[0m
2025-01-25 18:51:02,424 - INFO -  * Restarting with watchdog (windowsapi)
2025-01-25 18:51:02,782 - INFO - Starting Flask application.
2025-01-25 18:51:03,802 - INFO - Note: NumExpr detected 12 cores but "NUMEXPR_MAX_THREADS" not set, so enforcing safe limit of 8.
2025-01-25 18:51:03,802 - INFO - NumExpr defaulting to 8 threads.
2025-01-25 18:51:04,418 - INFO - Random Forest model loaded successfully.
2025-01-25 18:51:04,434 - INFO - TF-IDF vectorizer loaded successfully.
2025-01-25 18:51:04,434 - INFO - Label encoder loaded successfully.
2025-01-25 18:51:04,443 - INFO - Starting the Flask app.
2025-01-25 18:51:04,460 - WARNING -  * Debugger is active!
2025-01-25 18:51:04,465 - INFO -  * Debugger PIN: 454-210-885
2025-01-25 18:52:06,725 - INFO - Rendering home page.
2025-01-25 18:52:06,737 - INFO - 127.0.0.1 - - [25/Jan/2025 18:52:06] "GET / HTTP/1.1" 200 -
2025-01-25 18:52:06,828 - INFO - 127.0.0.1 - - [25/Jan/2025 18:52:06] "GET /static/style.css HTTP/1.1" 200 -
2025-01-25 18:52:07,004 - INFO - 127.0.0.1 - - [25/Jan/2025 18:52:07] "[33mGET /favicon.ico HTTP/1.1[0m" 404 -
2025-01-25 18:52:20,439 - INFO - Received user input: how can i check the balance in my account ?
2025-01-25 18:52:20,439 - DEBUG - Preprocessing text: how can i check the balance in my account ?
2025-01-25 18:52:20,439 - DEBUG - Cleaned text: how can i check the balance in my account 
2025-01-25 18:52:20,445 - INFO - Predicted answer: You can check your bank balance through the mobile banking app or online banking.
2025-01-25 18:52:20,445 - INFO - 127.0.0.1 - - [25/Jan/2025 18:52:20] "POST /ask HTTP/1.1" 200 -
2025-01-25 18:52:30,067 - INFO - Received user input: how can i block my debit card ?
2025-01-25 18:52:30,070 - DEBUG - Preprocessing text: how can i block my debit card ?
2025-01-25 18:52:30,070 - DEBUG - Cleaned text: how can i block my debit card 
2025-01-25 18:52:30,088 - INFO - Predicted answer: You can block your debit card by contacting customer service or using the mobile banking app.
2025-01-25 18:52:30,088 - INFO - 127.0.0.1 - - [25/Jan/2025 18:52:30] "POST /ask HTTP/1.1" 200 -
2025-01-25 18:52:46,758 - INFO - Received user input: what is the process to apply for the loan ?
2025-01-25 18:52:46,759 - DEBUG - Preprocessing text: what is the process to apply for the loan ?
2025-01-25 18:52:46,759 - DEBUG - Cleaned text: what is the process to apply for the loan 
2025-01-25 18:52:46,761 - INFO - Predicted answer: You can apply for a loan by visiting your nearest branch or applying online through your banking portal.
2025-01-25 18:52:46,767 - INFO - 127.0.0.1 - - [25/Jan/2025 18:52:46] "POST /ask HTTP/1.1" 200 -
2025-01-25 18:56:20,876 - INFO - Starting Flask application.
2025-01-25 18:56:22,109 - INFO - Note: NumExpr detected 12 cores but "NUMEXPR_MAX_THREADS" not set, so enforcing safe limit of 8.
2025-01-25 18:56:22,109 - INFO - NumExpr defaulting to 8 threads.
2025-01-25 18:56:22,763 - INFO - Random Forest model loaded successfully.
2025-01-25 18:56:22,769 - INFO - TF-IDF vectorizer loaded successfully.
2025-01-25 18:56:22,770 - INFO - Label encoder loaded successfully.
2025-01-25 18:56:22,772 - INFO - Starting the Flask app.
2025-01-25 18:56:22,798 - INFO - [31m[1mWARNING: This is a development server. Do not use it in a production deployment. Use a production WSGI server instead.[0m
 * Running on http://127.0.0.1:5000
2025-01-25 18:56:22,798 - INFO - [33mPress CTRL+C to quit[0m
2025-01-25 18:56:22,811 - INFO -  * Restarting with watchdog (windowsapi)
2025-01-25 18:56:23,221 - INFO - Starting Flask application.
2025-01-25 18:56:24,519 - INFO - Note: NumExpr detected 12 cores but "NUMEXPR_MAX_THREADS" not set, so enforcing safe limit of 8.
2025-01-25 18:56:24,519 - INFO - NumExpr defaulting to 8 threads.
2025-01-25 18:56:25,115 - INFO - Random Forest model loaded successfully.
2025-01-25 18:56:25,124 - INFO - TF-IDF vectorizer loaded successfully.
2025-01-25 18:56:25,126 - INFO - Label encoder loaded successfully.
2025-01-25 18:56:25,127 - INFO - Starting the Flask app.
2025-01-25 18:56:25,147 - WARNING -  * Debugger is active!
2025-01-25 18:56:25,151 - INFO -  * Debugger PIN: 454-210-885
2025-01-25 18:56:56,162 - INFO - Rendering home page.
2025-01-25 18:56:56,216 - INFO - 127.0.0.1 - - [25/Jan/2025 18:56:56] "GET / HTTP/1.1" 200 -
2025-01-25 18:56:56,310 - INFO - 127.0.0.1 - - [25/Jan/2025 18:56:56] "[36mGET /static/style.css HTTP/1.1[0m" 304 -
2025-01-25 18:57:13,011 - INFO - Received user input: how can i check the balance in my account ?
2025-01-25 18:57:13,011 - DEBUG - Preprocessing text: how can i check the balance in my account ?
2025-01-25 18:57:13,011 - DEBUG - Cleaned text: how can i check the balance in my account 
2025-01-25 18:57:13,023 - INFO - Predicted answer: You can check your bank balance through the mobile banking app or online banking.
2025-01-25 18:57:13,025 - INFO - 127.0.0.1 - - [25/Jan/2025 18:57:13] "POST /ask HTTP/1.1" 200 -
2025-01-25 18:58:25,071 - INFO - Received user input: how can i block the debit card?
2025-01-25 18:58:25,071 - DEBUG - Preprocessing text: how can i block the debit card?
2025-01-25 18:58:25,071 - DEBUG - Cleaned text: how can i block the debit card
2025-01-25 18:58:25,083 - INFO - Predicted answer: You can block your debit card by contacting customer service or using the mobile banking app.
2025-01-25 18:58:25,083 - INFO - 127.0.0.1 - - [25/Jan/2025 18:58:25] "POST /ask HTTP/1.1" 200 -
2025-01-25 19:00:01,894 - INFO - Starting Flask application.
2025-01-25 19:00:03,327 - INFO - Note: NumExpr detected 12 cores but "NUMEXPR_MAX_THREADS" not set, so enforcing safe limit of 8.
2025-01-25 19:00:03,327 - INFO - NumExpr defaulting to 8 threads.
2025-01-25 19:00:03,937 - INFO - Random Forest model loaded successfully.
2025-01-25 19:00:03,955 - INFO - TF-IDF vectorizer loaded successfully.
2025-01-25 19:00:03,955 - INFO - Label encoder loaded successfully.
2025-01-25 19:00:03,956 - INFO - Starting the Flask app.
2025-01-25 19:00:03,976 - INFO - [31m[1mWARNING: This is a development server. Do not use it in a production deployment. Use a production WSGI server instead.[0m
 * Running on http://127.0.0.1:5000
2025-01-25 19:00:03,976 - INFO - [33mPress CTRL+C to quit[0m
2025-01-25 19:00:03,995 - INFO -  * Restarting with watchdog (windowsapi)
2025-01-25 19:00:04,310 - INFO - Starting Flask application.
2025-01-25 19:00:05,442 - INFO - Note: NumExpr detected 12 cores but "NUMEXPR_MAX_THREADS" not set, so enforcing safe limit of 8.
2025-01-25 19:00:05,442 - INFO - NumExpr defaulting to 8 threads.
2025-01-25 19:00:05,968 - INFO - Random Forest model loaded successfully.
2025-01-25 19:00:05,968 - INFO - TF-IDF vectorizer loaded successfully.
2025-01-25 19:00:05,968 - INFO - Label encoder loaded successfully.
2025-01-25 19:00:05,984 - INFO - Starting the Flask app.
2025-01-25 19:00:06,001 - WARNING -  * Debugger is active!
2025-01-25 19:00:06,003 - INFO -  * Debugger PIN: 454-210-885
2025-01-25 19:01:52,677 - INFO - Rendering home page.
2025-01-25 19:01:52,680 - INFO - 127.0.0.1 - - [25/Jan/2025 19:01:52] "GET / HTTP/1.1" 200 -
2025-01-25 19:01:52,754 - INFO - 127.0.0.1 - - [25/Jan/2025 19:01:52] "GET /static/style.css HTTP/1.1" 200 -
2025-01-25 19:02:06,681 - INFO - Received user input: how can i block the debit card?
2025-01-25 19:02:06,681 - DEBUG - Preprocessing text: how can i block the debit card?
2025-01-25 19:02:06,681 - DEBUG - Cleaned text: how can i block the debit card
2025-01-25 19:02:06,697 - INFO - Predicted answer: You can block your debit card by contacting customer service or using the mobile banking app.
2025-01-25 19:02:06,697 - INFO - 127.0.0.1 - - [25/Jan/2025 19:02:06] "POST /ask HTTP/1.1" 200 -
2025-01-25 19:02:30,708 - INFO - Rendering home page.
2025-01-25 19:02:30,708 - INFO - 127.0.0.1 - - [25/Jan/2025 19:02:30] "GET / HTTP/1.1" 200 -
2025-01-25 19:02:30,740 - INFO - 127.0.0.1 - - [25/Jan/2025 19:02:30] "GET /static/style.css HTTP/1.1" 200 -
2025-01-25 19:02:39,464 - INFO - Received user input: how can i block the debit card ?
2025-01-25 19:02:39,466 - DEBUG - Preprocessing text: how can i block the debit card ?
2025-01-25 19:02:39,468 - DEBUG - Cleaned text: how can i block the debit card 
2025-01-25 19:02:39,472 - INFO - Predicted answer: You can block your debit card by contacting customer service or using the mobile banking app.
2025-01-25 19:02:39,472 - INFO - 127.0.0.1 - - [25/Jan/2025 19:02:39] "POST /ask HTTP/1.1" 200 -
2025-01-26 15:50:53,695 - INFO - Starting Flask application.
2025-01-26 15:51:04,080 - ERROR - Error loading model files: node array from the pickle has an incompatible dtype:
- expected: [('left_child', '<i8'), ('right_child', '<i8'), ('feature', '<i8'), ('threshold', '<f8'), ('impurity', '<f8'), ('n_node_samples', '<i8'), ('weighted_n_node_samples', '<f8')]
- got     : {'names': ['left_child', 'right_child', 'feature', 'threshold', 'impurity', 'n_node_samples', 'weighted_n_node_samples', 'missing_go_to_left'], 'formats': ['<i8', '<i8', '<i8', '<f8', '<f8', '<i8', '<f8', 'u1'], 'offsets': [0, 8, 16, 24, 32, 40, 48, 56], 'itemsize': 64}
2025-01-26 15:53:00,584 - INFO - Starting Flask application.
2025-01-26 15:53:04,940 - INFO - Random Forest model loaded successfully.
2025-01-26 15:53:04,973 - INFO - TF-IDF vectorizer loaded successfully.
2025-01-26 15:53:04,987 - INFO - Label encoder loaded successfully.
2025-01-26 15:53:04,987 - INFO - Starting the Flask app.
2025-01-26 15:53:05,018 - INFO - [31m[1mWARNING: This is a development server. Do not use it in a production deployment. Use a production WSGI server instead.[0m
 * Running on http://127.0.0.1:5000
2025-01-26 15:53:05,019 - INFO - [33mPress CTRL+C to quit[0m
2025-01-26 15:53:05,021 - INFO -  * Restarting with stat
2025-01-26 15:53:05,287 - INFO - Starting Flask application.
2025-01-26 15:53:06,369 - INFO - Random Forest model loaded successfully.
2025-01-26 15:53:06,386 - INFO - TF-IDF vectorizer loaded successfully.
2025-01-26 15:53:06,386 - INFO - Label encoder loaded successfully.
2025-01-26 15:53:06,390 - INFO - Starting the Flask app.
2025-01-26 15:53:06,395 - WARNING -  * Debugger is active!
2025-01-26 15:53:06,400 - INFO -  * Debugger PIN: 147-616-103
2025-01-26 15:53:13,078 - INFO - Rendering home page.
2025-01-26 15:53:13,106 - INFO - 127.0.0.1 - - [26/Jan/2025 15:53:13] "GET / HTTP/1.1" 200 -
2025-01-26 15:53:13,160 - INFO - 127.0.0.1 - - [26/Jan/2025 15:53:13] "GET /static/style.css HTTP/1.1" 200 -
2025-01-26 15:53:24,006 - INFO - Received user input: how can i check the balance in my account?
2025-01-26 15:53:24,006 - DEBUG - Preprocessing text: how can i check the balance in my account?
2025-01-26 15:53:24,007 - DEBUG - Cleaned text: how can i check the balance in my account
2025-01-26 15:53:24,015 - INFO - Predicted answer: You can check your bank balance through the mobile banking app or online banking.
2025-01-26 15:53:24,015 - INFO - 127.0.0.1 - - [26/Jan/2025 15:53:24] "POST /ask HTTP/1.1" 200 -
2025-01-26 15:53:37,597 - INFO - Received user input: what is the process to apply for the loan ?
2025-01-26 15:53:37,598 - DEBUG - Preprocessing text: what is the process to apply for the loan ?
2025-01-26 15:53:37,598 - DEBUG - Cleaned text: what is the process to apply for the loan 
2025-01-26 15:53:37,611 - INFO - Predicted answer: You can apply for a loan by visiting your nearest branch or applying online through your banking portal.
2025-01-26 15:53:37,611 - INFO - 127.0.0.1 - - [26/Jan/2025 15:53:37] "POST /ask HTTP/1.1" 200 -
2025-01-26 15:53:46,805 - INFO - Received user input: how can i block my debit card ?
2025-01-26 15:53:46,805 - DEBUG - Preprocessing text: how can i block my debit card ?
2025-01-26 15:53:46,806 - DEBUG - Cleaned text: how can i block my debit card 
2025-01-26 15:53:46,816 - INFO - Predicted answer: You can block your debit card by contacting customer service or using the mobile banking app.
2025-01-26 15:53:46,817 - INFO - 127.0.0.1 - - [26/Jan/2025 15:53:46] "POST /ask HTTP/1.1" 200 -
